Unity Editor version:    2021.2.15f1 (3b8567f665bb)
Branch:                  2021.2/release
Build type:              Release
Batch mode:              YES
macOS version:           Version 12.3 (Build 21E230)
Darwin version:          21.4.0
Architecture:            arm64
Running under Rosetta:   NO
Available memory:        32768 MB
Using pre-set license
Pro License: YES

COMMAND LINE ARGUMENTS:
/Applications/UnityEditors/2021.2.15f1/Unity.app/Contents/MacOS/Unity
-adb2
-batchMode
-noUpm
-name
AssetImportWorker0
-projectPath
/Applications/UnityProjects/FireProject
-logFile
Logs/AssetImportWorker0.log
-srvPort
56315
Successfully changed project path to: /Applications/UnityProjects/FireProject
/Applications/UnityProjects/FireProject
[UnityMemory] Configuration Parameters - Can be set up in boot.config
    "memorysetup-bucket-allocator-granularity=16"
    "memorysetup-bucket-allocator-bucket-count=8"
    "memorysetup-bucket-allocator-block-size=33554432"
    "memorysetup-bucket-allocator-block-count=8"
    "memorysetup-main-allocator-block-size=16777216"
    "memorysetup-thread-allocator-block-size=16777216"
    "memorysetup-gfx-main-allocator-block-size=16777216"
    "memorysetup-gfx-thread-allocator-block-size=16777216"
    "memorysetup-cache-allocator-block-size=4194304"
    "memorysetup-typetree-allocator-block-size=2097152"
    "memorysetup-profiler-bucket-allocator-granularity=16"
    "memorysetup-profiler-bucket-allocator-bucket-count=8"
    "memorysetup-profiler-bucket-allocator-block-size=33554432"
    "memorysetup-profiler-bucket-allocator-block-count=8"
    "memorysetup-profiler-allocator-block-size=16777216"
    "memorysetup-profiler-editor-allocator-block-size=1048576"
    "memorysetup-temp-allocator-size-main=16777216"
    "memorysetup-job-temp-allocator-block-size=2097152"
    "memorysetup-job-temp-allocator-block-size-background=1048576"
    "memorysetup-job-temp-allocator-reduction-small-platforms=262144"
    "memorysetup-temp-allocator-size-background-worker=32768"
    "memorysetup-temp-allocator-size-job-worker=262144"
    "memorysetup-temp-allocator-size-preload-manager=33554432"
    "memorysetup-temp-allocator-size-nav-mesh-worker=65536"
    "memorysetup-temp-allocator-size-audio-worker=65536"
    "memorysetup-temp-allocator-size-cloud-worker=32768"
    "memorysetup-temp-allocator-size-gi-baking-worker=262144"
    "memorysetup-temp-allocator-size-gfx=262144"
Refreshing native plugins compatible for Editor in 80.59 ms, found 3 plugins.
Preloading 0 native plugins for Editor in 0.00 ms.
Initialize engine version: 2021.2.15f1 (3b8567f665bb)
[Subsystems] Discovering subsystems at path /Applications/UnityEditors/2021.2.15f1/Unity.app/Contents/Resources/UnitySubsystems
[Subsystems] Discovering subsystems at path /Applications/UnityProjects/FireProject/Assets
GfxDevice: creating device client; threaded=0; jobified=0
 preferred device: Apple M1 Max (high power)
Metal devices available: 1
0: Apple M1 Max (high power)
Using device Apple M1 Max (high power)
Initializing Metal device caps: Apple M1 Max
Initialize mono
Mono path[0] = '/Applications/UnityEditors/2021.2.15f1/Unity.app/Contents/Managed'
Mono path[1] = '/Applications/UnityEditors/2021.2.15f1/Unity.app/Contents/MonoBleedingEdge/lib/mono/unityjit-macos'
Mono config path = '/Applications/UnityEditors/2021.2.15f1/Unity.app/Contents/MonoBleedingEdge/etc'
Using monoOptions --debugger-agent=transport=dt_socket,embedding=1,server=y,suspend=n,address=127.0.0.1:56195
Begin MonoManager ReloadAssembly
Registering precompiled unity dll's ...
Register platform support module: /Applications/UnityEditors/2021.2.15f1/PlaybackEngines/WebGLSupport/UnityEditor.WebGL.Extensions.dll
Register platform support module: /Applications/UnityEditors/2021.2.15f1/Unity.app/Contents/PlaybackEngines/MacStandaloneSupport/UnityEditor.OSXStandalone.Extensions.dll
Registered in 0.000415 seconds.
Native extension for OSXStandalone target not found
Native extension for WebGL target not found
Refreshing native plugins compatible for Editor in 82.43 ms, found 3 plugins.
Preloading 0 native plugins for Editor in 0.00 ms.
Mono: successfully reloaded assembly
- Completed reload, in  0.389 seconds
Domain Reload Profiling:
	ReloadAssembly (389ms)
		BeginReloadAssembly (29ms)
			ExecutionOrderSort (0ms)
			DisableScriptedObjects (0ms)
			BackupInstance (0ms)
			ReleaseScriptingObjects (0ms)
			CreateAndSetChildDomain (0ms)
		EndReloadAssembly (296ms)
			LoadAssemblies (28ms)
			RebuildTransferFunctionScriptingTraits (0ms)
			SetupTypeCache (64ms)
			ReleaseScriptCaches (0ms)
			RebuildScriptCaches (18ms)
			SetupLoadedEditorAssemblies (189ms)
				LogAssemblyErrors (0ms)
				InitializePlatformSupportModulesInManaged (3ms)
				SetLoadedEditorAssemblies (0ms)
				RefreshPlugins (82ms)
				BeforeProcessingInitializeOnLoad (1ms)
				ProcessInitializeOnLoadAttributes (79ms)
				ProcessInitializeOnLoadMethodAttributes (23ms)
				AfterProcessingInitializeOnLoad (0ms)
				EditorAssembliesLoaded (0ms)
			ExecutionOrderSort2 (0ms)
			AwakeInstancesAfterBackupRestoration (0ms)
Platform modules already initialized, skipping
Registering precompiled user dll's ...
Registered in 0.001714 seconds.
Begin MonoManager ReloadAssembly
Symbol file LoadedFromMemory doesn't match image /Applications/UnityProjects/FireProject/Library/PackageCache/com.unity.visualscripting@1.7.6/Editor/VisualScripting.Core/Dependencies/YamlDotNet/Unity.VisualScripting.YamlDotNet.dll
Symbol file LoadedFromMemory doesn't match image /Applications/UnityProjects/FireProject/Library/PackageCache/com.unity.visualscripting@1.7.6/Editor/VisualScripting.Core/Dependencies/DotNetZip/Unity.VisualScripting.IonicZip.dll
Native extension for OSXStandalone target not found
Native extension for WebGL target not found
Refreshing native plugins compatible for Editor in 82.08 ms, found 3 plugins.
Preloading 0 native plugins for Editor in 0.00 ms.

=================================================================
	Native Crash Reporting
=================================================================
Got a segv while executing native code. This usually indicates
a fatal error in the mono runtime or one of the native libraries 
used by your application.
=================================================================

=================================================================
	Native stacktrace:
=================================================================
	0x13d647a34 - /Applications/UnityEditors/2021.2.15f1/Unity.app/Contents/Frameworks/MonoBleedingEdge/MonoEmbedRuntime/osx/libmonobdwgc-2.0.dylib : mono_dump_native_crash_info
	0x13d60a010 - /Applications/UnityEditors/2021.2.15f1/Unity.app/Contents/Frameworks/MonoBleedingEdge/MonoEmbedRuntime/osx/libmonobdwgc-2.0.dylib : mono_handle_native_crash
	0x13d5929c8 - /Applications/UnityEditors/2021.2.15f1/Unity.app/Contents/Frameworks/MonoBleedingEdge/MonoEmbedRuntime/osx/libmonobdwgc-2.0.dylib : mono_sigsegv_signal_handler_debug
	0x18f9f54c4 - /usr/lib/system/libsystem_platform.dylib : _sigtramp
	0x13d779e70 - /Applications/UnityEditors/2021.2.15f1/Unity.app/Contents/Frameworks/MonoBleedingEdge/MonoEmbedRuntime/osx/libmonobdwgc-2.0.dylib : mono_push_ephemerons
	0x13d7aea10 - /Applications/UnityEditors/2021.2.15f1/Unity.app/Contents/Frameworks/MonoBleedingEdge/MonoEmbedRuntime/osx/libmonobdwgc-2.0.dylib : GC_mark_some
	0x13d7adffc - /Applications/UnityEditors/2021.2.15f1/Unity.app/Contents/Frameworks/MonoBleedingEdge/MonoEmbedRuntime/osx/libmonobdwgc-2.0.dylib : GC_stopped_mark
	0x13d7ada60 - /Applications/UnityEditors/2021.2.15f1/Unity.app/Contents/Frameworks/MonoBleedingEdge/MonoEmbedRuntime/osx/libmonobdwgc-2.0.dylib : GC_maybe_gc
	0x13d7ae61c - /Applications/UnityEditors/2021.2.15f1/Unity.app/Contents/Frameworks/MonoBleedingEdge/MonoEmbedRuntime/osx/libmonobdwgc-2.0.dylib : GC_collect_a_little_inner
	0x13d7b02c4 - /Applications/UnityEditors/2021.2.15f1/Unity.app/Contents/Frameworks/MonoBleedingEdge/MonoEmbedRuntime/osx/libmonobdwgc-2.0.dylib : GC_allocobj
	0x13d7aa464 - /Applications/UnityEditors/2021.2.15f1/Unity.app/Contents/Frameworks/MonoBleedingEdge/MonoEmbedRuntime/osx/libmonobdwgc-2.0.dylib : GC_generic_malloc_inner
	0x13d7b0cec - /Applications/UnityEditors/2021.2.15f1/Unity.app/Contents/Frameworks/MonoBleedingEdge/MonoEmbedRuntime/osx/libmonobdwgc-2.0.dylib : GC_generic_malloc
	0x13d7b4db4 - /Applications/UnityEditors/2021.2.15f1/Unity.app/Contents/Frameworks/MonoBleedingEdge/MonoEmbedRuntime/osx/libmonobdwgc-2.0.dylib : GC_malloc_kind_global
	0x13d77a994 - /Applications/UnityEditors/2021.2.15f1/Unity.app/Contents/Frameworks/MonoBleedingEdge/MonoEmbedRuntime/osx/libmonobdwgc-2.0.dylib : mono_gc_alloc_obj
	0x13d71fc90 - /Applications/UnityEditors/2021.2.15f1/Unity.app/Contents/Frameworks/MonoBleedingEdge/MonoEmbedRuntime/osx/libmonobdwgc-2.0.dylib : mono_object_new_specific_checked
	0x13d720048 - /Applications/UnityEditors/2021.2.15f1/Unity.app/Contents/Frameworks/MonoBleedingEdge/MonoEmbedRuntime/osx/libmonobdwgc-2.0.dylib : ves_icall_object_new_specific
	0x12fd35134 - Unknown
	0x165c15524 - Unknown
	0x165c14ac4 - Unknown
	0x165c14090 - Unknown
	0x165c12424 - Unknown
	0x165c118e4 - Unknown
	0x165c117b4 - Unknown
	0x165c1025c - Unknown
	0x165c10048 - Unknown
	0x165c0f61c - Unknown
	0x165c0ece4 - Unknown
	0x165c085c8 - Unknown
	0x165c08304 - Unknown
	0x161f8f184 - Unknown
	0x161f8cd9c - Unknown
	0x161f8b0d8 - Unknown
	0x161f8c5c4 - Unknown
	0x13d595c88 - /Applications/UnityEditors/2021.2.15f1/Unity.app/Contents/Frameworks/MonoBleedingEdge/MonoEmbedRuntime/osx/libmonobdwgc-2.0.dylib : mono_jit_runtime_invoke
	0x13d71b84c - /Applications/UnityEditors/2021.2.15f1/Unity.app/Contents/Frameworks/MonoBleedingEdge/MonoEmbedRuntime/osx/libmonobdwgc-2.0.dylib : do_runtime_invoke
	0x13d71b76c - /Applications/UnityEditors/2021.2.15f1/Unity.app/Contents/Frameworks/MonoBleedingEdge/MonoEmbedRuntime/osx/libmonobdwgc-2.0.dylib : mono_runtime_invoke
	0x10556fa74 - /Applications/UnityEditors/2021.2.15f1/Unity.app/Contents/MacOS/Unity : _Z23scripting_method_invoke18ScriptingMethodPtr18ScriptingObjectPtrR18ScriptingArgumentsP21ScriptingExceptionPtrb
	0x10556abe4 - /Applications/UnityEditors/2021.2.15f1/Unity.app/Contents/MacOS/Unity : _ZN19ScriptingInvocation6InvokeEP21ScriptingExceptionPtrb
	0x104edcf54 - /Applications/UnityEditors/2021.2.15f1/Unity.app/Contents/MacOS/Unity : _ZN20BurstCompilerService12CompileAsyncE18ScriptingMethodPtrPviPFvS1_iS1_EPFvS1_12BurstLogTypePKcS6_iES6_
	0x104ee04dc - /Applications/UnityEditors/2021.2.15f1/Unity.app/Contents/MacOS/Unity : _ZN20BurstCompilerService14GetDisassemblyE18ScriptingObjectPtrPKc
	0x10493ce4c - /Applications/UnityEditors/2021.2.15f1/Unity.app/Contents/MacOS/Unity : _Z42BurstCompilerService_CUSTOM_GetDisassemblyP37ScriptingBackendNativeObjectPtrOpaqueP37ScriptingBackendNativeStringPtrOpaque
	0x12fddfdb4 - Unknown
	0x12fddfbd0 - Unknown
	0x12fddfaf8 - Unknown
	0x12fdd93c4 - Unknown
	0x12fdd8db0 - Unknown
	0x13d595c88 - /Applications/UnityEditors/2021.2.15f1/Unity.app/Contents/Frameworks/MonoBleedingEdge/MonoEmbedRuntime/osx/libmonobdwgc-2.0.dylib : mono_jit_runtime_invoke
	0x13d71b84c - /Applications/UnityEditors/2021.2.15f1/Unity.app/Contents/Frameworks/MonoBleedingEdge/MonoEmbedRuntime/osx/libmonobdwgc-2.0.dylib : do_runtime_invoke
	0x13d717c8c - /Applications/UnityEditors/2021.2.15f1/Unity.app/Contents/Frameworks/MonoBleedingEdge/MonoEmbedRuntime/osx/libmonobdwgc-2.0.dylib : mono_runtime_class_init_full
	0x13d6dcc0c - /Applications/UnityEditors/2021.2.15f1/Unity.app/Contents/Frameworks/MonoBleedingEdge/MonoEmbedRuntime/osx/libmonobdwgc-2.0.dylib : ves_icall_System_Runtime_CompilerServices_RuntimeHelpers_RunClassConstructor_raw
	0x10c232130 - Unknown
	0x10c232004 - Unknown
	0x10c230c8c - Unknown
	0x13ecd25d0 - Unknown
	0x13d595c88 - /Applications/UnityEditors/2021.2.15f1/Unity.app/Contents/Frameworks/MonoBleedingEdge/MonoEmbedRuntime/osx/libmonobdwgc-2.0.dylib : mono_jit_runtime_invoke
	0x13d71b84c - /Applications/UnityEditors/2021.2.15f1/Unity.app/Contents/Frameworks/MonoBleedingEdge/MonoEmbedRuntime/osx/libmonobdwgc-2.0.dylib : do_runtime_invoke
	0x13d71b76c - /Applications/UnityEditors/2021.2.15f1/Unity.app/Contents/Frameworks/MonoBleedingEdge/MonoEmbedRuntime/osx/libmonobdwgc-2.0.dylib : mono_runtime_invoke
	0x10556fa74 - /Applications/UnityEditors/2021.2.15f1/Unity.app/Contents/MacOS/Unity : _Z23scripting_method_invoke18ScriptingMethodPtr18ScriptingObjectPtrR18ScriptingArgumentsP21ScriptingExceptionPtrb
	0x10556abe4 - /Applications/UnityEditors/2021.2.15f1/Unity.app/Contents/MacOS/Unity : _ZN19ScriptingInvocation6InvokeEP21ScriptingExceptionPtrb
	0x10567a0e8 - /Applications/UnityEditors/2021.2.15f1/Unity.app/Contents/MacOS/Unity : _ZN9Scripting11UnityEditor21EditorAssembliesProxy33ProcessInitializeOnLoadAttributesE17ScriptingArrayPtrP21ScriptingExceptionPtr
	0x10551cc80 - /Applications/UnityEditors/2021.2.15f1/Unity.app/Contents/MacOS/Unity : _ZN11MonoManager27SetupLoadedEditorAssembliesERK13dynamic_arrayIiLm0EE
	0x10551ef9c - /Applications/UnityEditors/2021.2.15f1/Unity.app/Contents/MacOS/Unity : _ZN11MonoManager17EndReloadAssemblyER19DomainReloadingData14dynamic_bitset
	0x10551d264 - /Applications/UnityEditors/2021.2.15f1/Unity.app/Contents/MacOS/Unity : _ZN11MonoManager14ReloadAssemblyEv
	0x106060ab4 - /Applications/UnityEditors/2021.2.15f1/Unity.app/Contents/MacOS/Unity : _ZL27LoadDomainAndUserAssembliesv
	0x106062c10 - /Applications/UnityEditors/2021.2.15f1/Unity.app/Contents/MacOS/Unity : _Z18LoadUserAssembliesv
	0x1063f0880 - /Applications/UnityEditors/2021.2.15f1/Unity.app/Contents/MacOS/Unity : _ZN11Application17InitializeProjectEv
	0x1071703c0 - /Applications/UnityEditors/2021.2.15f1/Unity.app/Contents/MacOS/Unity : -[EditorApplication applicationDidFinishLaunching:]
	0x18fa9eddc - /System/Library/Frameworks/CoreFoundation.framework/Versions/A/CoreFoundation : __CFNOTIFICATIONCENTER_IS_CALLING_OUT_TO_AN_OBSERVER__
	0x18fb43578 - /System/Library/Frameworks/CoreFoundation.framework/Versions/A/CoreFoundation : ___CFXRegistrationPost_block_invoke
	0x18fb434e4 - /System/Library/Frameworks/CoreFoundation.framework/Versions/A/CoreFoundation : _CFXRegistrationPost
	0x18fa6da74 - /System/Library/Frameworks/CoreFoundation.framework/Versions/A/CoreFoundation : _CFXNotificationPost
	0x19092ae48 - /System/Library/Frameworks/Foundation.framework/Versions/C/Foundation : -[NSNotificationCenter postNotificationName:object:userInfo:]
	0x19261093c - /System/Library/Frameworks/AppKit.framework/Versions/C/AppKit : -[NSApplication _postDidFinishNotification]
	0x192610654 - /System/Library/Frameworks/AppKit.framework/Versions/C/AppKit : -[NSApplication _sendFinishLaunchingNotification]
	0x19260e078 - /System/Library/Frameworks/AppKit.framework/Versions/C/AppKit : -[NSApplication(NSAppleEventHandling) _handleAEOpenEvent:]
	0x19260dc58 - /System/Library/Frameworks/AppKit.framework/Versions/C/AppKit : -[NSApplication(NSAppleEventHandling) _handleCoreEvent:withReplyEvent:]
	0x1909579e8 - /System/Library/Frameworks/Foundation.framework/Versions/C/Foundation : -[NSAppleEventManager dispatchRawAppleEvent:withRawReply:handlerRefCon:]
	0x190957820 - /System/Library/Frameworks/Foundation.framework/Versions/C/Foundation : _NSAppleEventManagerGenericHandler
	0x1962358f4 - /System/Library/Frameworks/CoreServices.framework/Versions/A/Frameworks/AE.framework/Versions/A/AE : _AppleEventsCheckInAppWithBlock
	0x19623524c - /System/Library/Frameworks/CoreServices.framework/Versions/A/Frameworks/AE.framework/Versions/A/AE : _AppleEventsCheckInAppWithBlock
	0x19622e3f8 - /System/Library/Frameworks/CoreServices.framework/Versions/A/Frameworks/AE.framework/Versions/A/AE : aeProcessAppleEvent
	0x1986da3fc - /System/Library/Frameworks/Carbon.framework/Versions/A/Frameworks/HIToolbox.framework/Versions/A/HIToolbox : AEProcessAppleEvent
	0x192607fa4 - /System/Library/Frameworks/AppKit.framework/Versions/C/AppKit : _DPSNextEvent
	0x1926064c4 - /System/Library/Frameworks/AppKit.framework/Versions/C/AppKit : -[NSApplication(NSEvent) _nextEventMatchingEventMask:untilDate:inMode:dequeue:]
	0x1925f8690 - /System/Library/Frameworks/AppKit.framework/Versions/C/AppKit : -[NSApplication run]
	0x1925c9da8 - /System/Library/Frameworks/AppKit.framework/Versions/C/AppKit : NSApplicationMain
	0x10716e8c4 - /Applications/UnityEditors/2021.2.15f1/Unity.app/Contents/MacOS/Unity : _Z10EditorMainiPPKc
	0x10716ebfc - /Applications/UnityEditors/2021.2.15f1/Unity.app/Contents/MacOS/Unity : main
	0x10a7b1088 - Unknown

=================================================================
	Telemetry Dumper:
=================================================================
Pkilling 0x6404419584x from 0x4471276928x
Pkilling 0x6415151104x from 0x4471276928x
Pkilling 0x6425882624x from 0x4471276928x
Pkilling 0x6406565888x from 0x4471276928x
Pkilling 0x6417297408x from 0x4471276928x
Pkilling 0x6428028928x from 0x4471276928x
Pkilling 0x6408712192x from 0x4471276928x
Pkilling 0x6419443712x from 0x4471276928x
Pkilling 0x6400126976x from 0x4471276928x
Pkilling 0x6410858496x from 0x4471276928x
Pkilling 0x6421590016x from 0x4471276928x
Pkilling 0x6402273280x from 0x4471276928x
Pkilling 0x6413004800x from 0x4471276928x
Pkilling 0x6423736320x from 0x4471276928x
Entering thread summarizer pause from 0x4471276928x
Finished thread summarizer pause from 0x4471276928x.
Failed to create breadcrumb file (null)/crash_hash_0x2395635d12

Waiting for dumping threads to resume

=================================================================
	External Debugger Dump:
=================================================================

=================================================================
	Basic Fault Address Reporting
=================================================================
Memory around native instruction pointer (0x13d7b0768):0x13d7b0758  88 79 68 f8 09 fc 44 d3 0a 2c 4a d3 08 0d 0a 8b  .yh...D..,J.....
0x13d7b0768  08 21 40 f9 08 25 c9 9a 00 01 00 12 c0 03 5f d6  .!@..%........_.
0x13d7b0778  f4 4f be a9 fd 7b 01 a9 fd 43 00 91 f3 03 00 aa  .O...{...C......
0x13d7b0788  2f 37 00 94 1f 04 00 71 ab 00 00 54 e0 03 13 aa  /7.....q...T....

=================================================================
	Managed Stacktrace:
=================================================================
	  at <unknown> <0xffffffff>
	  at System.Object:__icall_wrapper_ves_icall_object_new_specific <0x00007>
	  at Mono.Cecil.Metadata.StringHeap:.ctor <0x00023>
	  at Mono.Cecil.PE.ImageReader:ReadMetadataStream <0x00273>
	  at Mono.Cecil.PE.ImageReader:ReadMetadata <0x0012f>
	  at Mono.Cecil.PE.ImageReader:ReadImage <0x0014b>
	  at Mono.Cecil.PE.ImageReader:ReadImage <0x00063>
	  at Mono.Cecil.ModuleDefinition:ReadModule <0x00033>
	  at Mono.Cecil.ModuleDefinition:ReadModule <0x00193>
	  at Mono.Cecil.BaseAssemblyResolver:GetAssembly <0x0004f>
	  at Mono.Cecil.BaseAssemblyResolver:SearchDirectory <0x0020b>
	  at Mono.Cecil.BaseAssemblyResolver:Resolve <0x00043>
	  at zzzUnity.Burst.CodeGen.AssemblyLoader:Resolve <0x0013f>
	  at zzzUnity.Burst.CodeGen.AssemblyLoader:TryGetFullPath <0x00033>
	  at Burst.Compiler.IL.Jit.JitCacheManager:LoadLibraryCache <0x0032b>
	  at Burst.Compiler.IL.Jit.JitCompilerService:EnsureLibraryCacheLoaded <0x00143>
	  at Burst.Compiler.IL.Jit.JitCompilerService:CompileInternal <0x0014f>
	  at <Module>:runtime_invoke_void__this___object_object_intptr_int_intptr_intptr_object <0x0009b>
	  at <unknown> <0xffffffff>
	  at Unity.Burst.LowLevel.BurstCompilerService:GetDisassembly <0x00007>
	  at Unity.Burst.BurstCompiler:SendCommandToCompiler <0x00057>
	  at Unity.Burst.BurstCompiler:IsApiAvailable <0x0001f>
	  at Unity.Burst.Editor.BurstLoader:.cctor <0x004d3>
	  at System.Object:runtime_invoke_void <0x00067>
	  at <unknown> <0xffffffff>
	  at System.Runtime.CompilerServices.RuntimeHelpers:RunClassConstructor <0x00007>
	  at System.Runtime.CompilerServices.RuntimeHelpers:RunClassConstructor <0x00023>
	  at UnityEditor.EditorAssemblies:ProcessInitializeOnLoadAttributes <0x0044b>
	  at <Module>:runtime_invoke_void_object <0x0006f>
=================================================================
Obtained 0 stack frames.
